#-----------------------------------------------------------
# Vivado v2021.1 (64-bit)
# SW Build 3247384 on Thu Jun 10 19:36:33 MDT 2021
# IP Build 3246043 on Fri Jun 11 00:30:35 MDT 2021
# Start of session at: Fri Oct 29 10:21:34 2021
# Process ID: 9928
# Current directory: C:/Users/snego/Desktop/Advanced Electronics/coursework/version control/current2.9
# Command line: vivado.exe -gui_launcher_event rodinguilauncherevent16660 C:\Users\snego\Desktop\Advanced Electronics\coursework\version control\current2.9\current2.9.xpr
# Log file: C:/Users/snego/Desktop/Advanced Electronics/coursework/version control/current2.9/vivado.log
# Journal file: C:/Users/snego/Desktop/Advanced Electronics/coursework/version control/current2.9\vivado.jou
#-----------------------------------------------------------
start_gui
open_project {C:/Users/snego/Desktop/Advanced Electronics/coursework/version control/current2.9/current2.9.xpr}
INFO: [ProjectBase 1-489] The host OS only allows 260 characters in a normal path. The project is stored in a path with more than 80 characters. If you experience issues with IP, Block Designs, or files not being found, please consider moving the project to a location with a shorter path. Alternately consider using the OS subst command to map part of the path to a drive letter.
Current project path is 'C:/Users/snego/Desktop/Advanced Electronics/coursework/version control/current2.9'
WARNING: [filemgmt 56-3] Default IP Output Path : Could not find the directory 'C:/Users/snego/Desktop/Advanced Electronics/coursework/version control/current2.9/current2.9.gen/sources_1'.
WARNING: [filemgmt 56-3] IPUserFilesDir: Could not find the directory 'C:/Users/snego/Desktop/Advanced Electronics/coursework/version control/current2.9/current2.9.ip_user_files'.
Scanning sources...
Finished scanning sources
WARNING: [Project 1-509] GeneratedRun file for 'synth_1' not found
WARNING: [Project 1-509] GeneratedRun file for 'impl_1' not found
INFO: [IP_Flow 19-234] Refreshing IP repositories
INFO: [IP_Flow 19-1704] No user IP repositories specified
INFO: [IP_Flow 19-2313] Loaded Vivado IP repository 'D:/Programs/vivado/Vivado/2021.1/data/ip'.
open_project: Time (s): cpu = 00:00:13 ; elapsed = 00:00:11 . Memory (MB): peak = 1450.000 ; gain = 0.000
update_compile_order -fileset sources_1
exit
INFO: [Common 17-206] Exiting Vivado at Fri Oct 29 11:51:20 2021...
